<?xml version="1.0" encoding="UTF-8"?>
<!-- Generated by org.testng.reporters.JUnitReportReporter -->
<testsuite skipped="0" hostname="DESKTOP-EIUQFPA" name="utils.CapabilitiesTool" tests="1" failures="0" timestamp="13 maj 2019 18:56:18 GMT" time="0.140" errors="0">
  <testcase name="test1" time="0.140" classname="utils.CapabilitiesTool"/>
</testsuite> <!-- utils.CapabilitiesTool -->
